<?xml version="1.0" encoding="UTF-8"?>
<!-- Generated by org.testng.reporters.JUnitReportReporter -->
<testsuite hostname="DESKTOP-BQAHKGA" failures="0" tests="1" name="tests.Scrolling" time="0.009" errors="0" timestamp="2021-07-14T13:14:13 EEST" skipped="0">
  <testcase classname="tests.Scrolling" name="sampleTest" time="0.009"/>
  <system-out/>
</testsuite> <!-- tests.Scrolling -->
