<?xml version="1.0" encoding="UTF-8"?>
<!-- Generated by org.testng.reporters.JUnitReportReporter -->
<testsuite hostname="DESKTOP-BQAHKGA" failures="0" tests="1" name="tests.BaseClass" time="0.013" errors="0" timestamp="2021-07-14T13:12:57 EEST" skipped="0">
  <testcase classname="tests.BaseClass" name="sampleTest" time="0.013"/>
  <system-out/>
</testsuite> <!-- tests.BaseClass -->
